<?xml version="1.0" encoding="UTF-8"?>
<!-- Generated by org.testng.reporters.JUnitReportReporter -->
<testsuite skipped="0" hostname="DESKTOP-O4HFI41" name="co.edu.icesi.miniproyecto.test.PruebasIntegracion" tests="24" failures="0" timestamp="18 Sep 2019 00:07:13 GMT" time="0.067" errors="0">
  <testcase name="testAgregarBusNull" time="0.001" classname="co.edu.icesi.miniproyecto.test.PruebasIntegracion"/>
  <testcase name="testAgregarRutaDiaInicioValido" time="0.000" classname="co.edu.icesi.miniproyecto.test.PruebasIntegracion"/>
  <testcase name="testAgregarBusCapacidadInvalida" time="0.012" classname="co.edu.icesi.miniproyecto.test.PruebasIntegracion"/>
  <testcase name="testAgregarRutaHorasInconsistentes" time="0.001" classname="co.edu.icesi.miniproyecto.test.PruebasIntegracion"/>
  <testcase name="testAgregarServicio_BCR_Validos" time="0.000" classname="co.edu.icesi.miniproyecto.test.PruebasIntegracion"/>
  <testcase name="testAgregarServicioFechasValidas" time="0.002" classname="co.edu.icesi.miniproyecto.test.PruebasIntegracion"/>
  <testcase name="testAgregarServicioConductorNoRegistrado" time="0.001" classname="co.edu.icesi.miniproyecto.test.PruebasIntegracion"/>
  <testcase name="testAgregarRutaDiasInconsistentes" time="0.002" classname="co.edu.icesi.miniproyecto.test.PruebasIntegracion"/>
  <testcase name="testAgregarServicioBusNull" time="0.001" classname="co.edu.icesi.miniproyecto.test.PruebasIntegracion"/>
  <testcase name="testAgregarServicioFechasInconsistentes" time="0.000" classname="co.edu.icesi.miniproyecto.test.PruebasIntegracion"/>
  <testcase name="testAgregarConductorNull" time="0.008" classname="co.edu.icesi.miniproyecto.test.PruebasIntegracion"/>
  <testcase name="testAgregarConductorFechasValidas" time="0.003" classname="co.edu.icesi.miniproyecto.test.PruebasIntegracion"/>
  <testcase name="testAgregarRutaNull" time="0.000" classname="co.edu.icesi.miniproyecto.test.PruebasIntegracion"/>
  <testcase name="testAgregarServicioRutaNoRegistrada" time="0.004" classname="co.edu.icesi.miniproyecto.test.PruebasIntegracion"/>
  <testcase name="testAgregarRutaHoraInicioValida" time="0.006" classname="co.edu.icesi.miniproyecto.test.PruebasIntegracion"/>
  <testcase name="testAgregarServicioConductorNull" time="0.000" classname="co.edu.icesi.miniproyecto.test.PruebasIntegracion"/>
  <testcase name="testAgregarRutaDiaFinValido" time="0.002" classname="co.edu.icesi.miniproyecto.test.PruebasIntegracion"/>
  <testcase name="testAgregarRutaHoraFinValida" time="0.000" classname="co.edu.icesi.miniproyecto.test.PruebasIntegracion"/>
  <testcase name="testAgregarBusTipoValido" time="0.006" classname="co.edu.icesi.miniproyecto.test.PruebasIntegracion"/>
  <testcase name="testAgregarServicioRutaNull" time="0.001" classname="co.edu.icesi.miniproyecto.test.PruebasIntegracion"/>
  <testcase name="testAgregarServicioBusNoRegistrado" time="0.006" classname="co.edu.icesi.miniproyecto.test.PruebasIntegracion"/>
  <testcase name="testAgregarConductorFechasInconsistentes" time="0.003" classname="co.edu.icesi.miniproyecto.test.PruebasIntegracion"/>
  <testcase name="testAgregarBusTipoInvalido" time="0.003" classname="co.edu.icesi.miniproyecto.test.PruebasIntegracion"/>
  <testcase name="testAgregarBusCapacidadValida" time="0.005" classname="co.edu.icesi.miniproyecto.test.PruebasIntegracion"/>
</testsuite> <!-- co.edu.icesi.miniproyecto.test.PruebasIntegracion -->
