<?xml version="1.0" encoding="UTF-8"?>
<!-- Generated by org.testng.reporters.JUnitReportReporter -->
<testsuite skipped="18" hostname="DESKTOP-O4HFI41" name="co.edu.icesi.miniproyecto.test.TestClass" tests="19" failures="0" timestamp="15 Sep 2019 19:41:40 GMT" time="0.078" errors="1">
  <testcase name="testAgregarBusCapacidadValida" time="0.031" classname="co.edu.icesi.miniproyecto.test.TestClass">
    <skipped/>
  </testcase> <!-- testAgregarBusCapacidadValida -->
  <testcase name="testAgregarServicioBusNull" time="0.015" classname="co.edu.icesi.miniproyecto.test.TestClass">
    <skipped/>
  </testcase> <!-- testAgregarServicioBusNull -->
  <testcase name="testAgregarBusTipoValido" time="0.000" classname="co.edu.icesi.miniproyecto.test.TestClass">
    <skipped/>
  </testcase> <!-- testAgregarBusTipoValido -->
  <testcase name="testAgregarConductorNull" time="0.000" classname="co.edu.icesi.miniproyecto.test.TestClass">
    <skipped/>
  </testcase> <!-- testAgregarConductorNull -->
  <testcase name="testAgregarRutaDiasInconsistentes" time="0.000" classname="co.edu.icesi.miniproyecto.test.TestClass">
    <skipped/>
  </testcase> <!-- testAgregarRutaDiasInconsistentes -->
  <testcase name="testAgregarRutaHorasInconsistentes" time="0.016" classname="co.edu.icesi.miniproyecto.test.TestClass">
    <skipped/>
  </testcase> <!-- testAgregarRutaHorasInconsistentes -->
  <testcase name="testAgregarServicioConductorNull" time="0.000" classname="co.edu.icesi.miniproyecto.test.TestClass">
    <skipped/>
  </testcase> <!-- testAgregarServicioConductorNull -->
  <testcase name="testAgregarConductorFechasValidas" time="0.000" classname="co.edu.icesi.miniproyecto.test.TestClass">
    <skipped/>
  </testcase> <!-- testAgregarConductorFechasValidas -->
  <testcase name="testAgregarRutaHoraFinValida" time="0.000" classname="co.edu.icesi.miniproyecto.test.TestClass">
    <skipped/>
  </testcase> <!-- testAgregarRutaHoraFinValida -->
  <testcase name="testAgregarBusNull" time="0.000" classname="co.edu.icesi.miniproyecto.test.TestClass">
    <skipped/>
  </testcase> <!-- testAgregarBusNull -->
  <testcase name="testAgregarServicioRutaNull" time="0.000" classname="co.edu.icesi.miniproyecto.test.TestClass">
    <skipped/>
  </testcase> <!-- testAgregarServicioRutaNull -->
  <testcase name="testAgregarConductorFechasInconsistentes" time="0.000" classname="co.edu.icesi.miniproyecto.test.TestClass">
    <skipped/>
  </testcase> <!-- testAgregarConductorFechasInconsistentes -->
  <testcase name="agregarDatos" time="0.000" classname="co.edu.icesi.miniproyecto.test.TestClass">
    <error type="java.lang.NullPointerException">
      <![CDATA[java.lang.NullPointerException
	at co.edu.icesi.miniproyecto.test.TestClass.agregarDatos(TestClass.java:94)
	at sun.reflect.NativeMethodAccessorImpl.invoke0(Native Method)
	at sun.reflect.NativeMethodAccessorImpl.invoke(Unknown Source)
	at sun.reflect.DelegatingMethodAccessorImpl.invoke(Unknown Source)
	at java.lang.reflect.Method.invoke(Unknown Source)
	at org.testng.internal.MethodInvocationHelper.invokeMethod(MethodInvocationHelper.java:100)
	at org.testng.internal.Invoker.invokeConfigurationMethod(Invoker.java:515)
	at org.testng.internal.Invoker.invokeConfigurations(Invoker.java:216)
	at org.testng.internal.Invoker.invokeConfigurations(Invoker.java:143)
	at org.testng.internal.TestMethodWorker.invokeBeforeClassMethods(TestMethodWorker.java:169)
	at org.testng.internal.TestMethodWorker.run(TestMethodWorker.java:108)
	at org.testng.TestRunner.privateRun(TestRunner.java:753)
	at org.testng.TestRunner.run(TestRunner.java:607)
	at org.testng.SuiteRunner.runTest(SuiteRunner.java:368)
	at org.testng.SuiteRunner.runSequentially(SuiteRunner.java:363)
	at org.testng.SuiteRunner.privateRun(SuiteRunner.java:321)
	at org.testng.SuiteRunner.run(SuiteRunner.java:270)
	at org.testng.SuiteRunnerWorker.runSuite(SuiteRunnerWorker.java:52)
	at org.testng.SuiteRunnerWorker.run(SuiteRunnerWorker.java:86)
	at org.testng.TestNG.runSuitesSequentially(TestNG.java:1284)
	at org.testng.TestNG.runSuitesLocally(TestNG.java:1209)
	at org.testng.TestNG.runSuites(TestNG.java:1124)
	at org.testng.TestNG.run(TestNG.java:1096)
	at org.testng.remote.AbstractRemoteTestNG.run(AbstractRemoteTestNG.java:115)
	at org.testng.remote.RemoteTestNG.initAndRun(RemoteTestNG.java:251)
	at org.testng.remote.RemoteTestNG.main(RemoteTestNG.java:77)
]]>
    </error>
  </testcase> <!-- agregarDatos -->
  <testcase name="testAgregarBusCapacidadInvalida" time="0.000" classname="co.edu.icesi.miniproyecto.test.TestClass">
    <skipped/>
  </testcase> <!-- testAgregarBusCapacidadInvalida -->
  <testcase name="testAgregarRutaDiaInicioValido" time="0.000" classname="co.edu.icesi.miniproyecto.test.TestClass">
    <skipped/>
  </testcase> <!-- testAgregarRutaDiaInicioValido -->
  <testcase name="testAgregarRutaHoraInicioValida" time="0.000" classname="co.edu.icesi.miniproyecto.test.TestClass">
    <skipped/>
  </testcase> <!-- testAgregarRutaHoraInicioValida -->
  <testcase name="testAgregarRutaNull" time="0.000" classname="co.edu.icesi.miniproyecto.test.TestClass">
    <skipped/>
  </testcase> <!-- testAgregarRutaNull -->
  <testcase name="testAgregarRutaDiaFinValido" time="0.000" classname="co.edu.icesi.miniproyecto.test.TestClass">
    <skipped/>
  </testcase> <!-- testAgregarRutaDiaFinValido -->
  <testcase name="testAgregarBusTipoInvalido" time="0.016" classname="co.edu.icesi.miniproyecto.test.TestClass">
    <skipped/>
  </testcase> <!-- testAgregarBusTipoInvalido -->
</testsuite> <!-- co.edu.icesi.miniproyecto.test.TestClass -->
